<?xml version="1.0" encoding="UTF-8"?>
<testsuite name="agh.ics.oop.MapAndEngineTest" tests="1" skipped="0" failures="0" errors="0" timestamp="2022-11-02T11:36:49" hostname="Filips-MacBook-Pro.local" time="0.01">
  <properties/>
  <testcase name="worldTest()" classname="agh.ics.oop.MapAndEngineTest" time="0.01"/>
  <system-out><![CDATA[]]></system-out>
  <system-err><![CDATA[]]></system-err>
</testsuite>
